{"total": {"lines":{"total":693,"covered":662,"skipped":0,"pct":95.52},"statements":{"total":727,"covered":694,"skipped":0,"pct":95.46},"functions":{"total":91,"covered":91,"skipped":0,"pct":100},"branches":{"total":173,"covered":165,"skipped":0,"pct":95.37},"branchesTrue":{"total":0,"covered":0,"skipped":0,"pct":100}}
,"/home/main/Documents/UOL/ASP/asp-team33/backend/config.js": {"lines":{"total":48,"covered":48,"skipped":0,"pct":100},"functions":{"total":0,"covered":0,"skipped":0,"pct":100},"statements":{"total":48,"covered":48,"skipped":0,"pct":100},"branches":{"total":46,"covered":42,"skipped":0,"pct":91.3}}
,"/home/main/Documents/UOL/ASP/asp-team33/backend/crypto.js": {"lines":{"total":16,"covered":16,"skipped":0,"pct":100},"functions":{"total":2,"covered":2,"skipped":0,"pct":100},"statements":{"total":16,"covered":16,"skipped":0,"pct":100},"branches":{"total":0,"covered":0,"skipped":0,"pct":100}}
,"/home/main/Documents/UOL/ASP/asp-team33/backend/index.js": {"lines":{"total":32,"covered":32,"skipped":0,"pct":100},"functions":{"total":2,"covered":2,"skipped":0,"pct":100},"statements":{"total":32,"covered":32,"skipped":0,"pct":100},"branches":{"total":0,"covered":0,"skipped":0,"pct":100}}
,"/home/main/Documents/UOL/ASP/asp-team33/backend/insert_users.js": {"lines":{"total":129,"covered":128,"skipped":0,"pct":99.22},"functions":{"total":24,"covered":24,"skipped":0,"pct":100},"statements":{"total":135,"covered":134,"skipped":0,"pct":99.25},"branches":{"total":0,"covered":0,"skipped":0,"pct":100}}
,"/home/main/Documents/UOL/ASP/asp-team33/backend/jwt.js": {"lines":{"total":9,"covered":9,"skipped":0,"pct":100},"functions":{"total":2,"covered":2,"skipped":0,"pct":100},"statements":{"total":9,"covered":9,"skipped":0,"pct":100},"branches":{"total":0,"covered":0,"skipped":0,"pct":100}}
,"/home/main/Documents/UOL/ASP/asp-team33/backend/postgresql.js": {"lines":{"total":9,"covered":9,"skipped":0,"pct":100},"functions":{"total":2,"covered":2,"skipped":0,"pct":100},"statements":{"total":9,"covered":9,"skipped":0,"pct":100},"branches":{"total":2,"covered":2,"skipped":0,"pct":100}}
,"/home/main/Documents/UOL/ASP/asp-team33/backend/queries.js": {"lines":{"total":350,"covered":322,"skipped":0,"pct":92},"functions":{"total":28,"covered":28,"skipped":0,"pct":100},"statements":{"total":363,"covered":333,"skipped":0,"pct":91.73},"branches":{"total":118,"covered":114,"skipped":0,"pct":96.61}}
,"/home/main/Documents/UOL/ASP/asp-team33/backend/utils.js": {"lines":{"total":34,"covered":32,"skipped":0,"pct":94.11},"functions":{"total":6,"covered":6,"skipped":0,"pct":100},"statements":{"total":34,"covered":32,"skipped":0,"pct":94.11},"branches":{"total":7,"covered":7,"skipped":0,"pct":100}}
,"/home/main/Documents/UOL/ASP/asp-team33/backend/validation.js": {"lines":{"total":35,"covered":35,"skipped":0,"pct":100},"functions":{"total":24,"covered":24,"skipped":0,"pct":100},"statements":{"total":50,"covered":50,"skipped":0,"pct":100},"branches":{"total":0,"covered":0,"skipped":0,"pct":100}}
,"/home/main/Documents/UOL/ASP/asp-team33/backend/routes/main.js": {"lines":{"total":31,"covered":31,"skipped":0,"pct":100},"functions":{"total":1,"covered":1,"skipped":0,"pct":100},"statements":{"total":31,"covered":31,"skipped":0,"pct":100},"branches":{"total":0,"covered":0,"skipped":0,"pct":100}}
}
