{"total": {"lines":{"total":522,"covered":492,"skipped":0,"pct":94.25},"statements":{"total":541,"covered":509,"skipped":0,"pct":94.08},"functions":{"total":62,"covered":60,"skipped":0,"pct":96.77},"branches":{"total":91,"covered":83,"skipped":0,"pct":91.2},"branchesTrue":{"total":0,"covered":0,"skipped":0,"pct":100}}
,"/home/main/Documents/UOL/ASP/asp-team33/backend/config.js": {"lines":{"total":28,"covered":28,"skipped":0,"pct":100},"functions":{"total":0,"covered":0,"skipped":0,"pct":100},"statements":{"total":28,"covered":28,"skipped":0,"pct":100},"branches":{"total":32,"covered":28,"skipped":0,"pct":87.5}}
,"/home/main/Documents/UOL/ASP/asp-team33/backend/crypto.js": {"lines":{"total":16,"covered":16,"skipped":0,"pct":100},"functions":{"total":2,"covered":2,"skipped":0,"pct":100},"statements":{"total":16,"covered":16,"skipped":0,"pct":100},"branches":{"total":0,"covered":0,"skipped":0,"pct":100}}
,"/home/main/Documents/UOL/ASP/asp-team33/backend/index.js": {"lines":{"total":29,"covered":28,"skipped":0,"pct":96.55},"functions":{"total":2,"covered":1,"skipped":0,"pct":50},"statements":{"total":29,"covered":28,"skipped":0,"pct":96.55},"branches":{"total":0,"covered":0,"skipped":0,"pct":100}}
,"/home/main/Documents/UOL/ASP/asp-team33/backend/insert_users.js": {"lines":{"total":129,"covered":128,"skipped":0,"pct":99.22},"functions":{"total":24,"covered":24,"skipped":0,"pct":100},"statements":{"total":135,"covered":134,"skipped":0,"pct":99.25},"branches":{"total":0,"covered":0,"skipped":0,"pct":100}}
,"/home/main/Documents/UOL/ASP/asp-team33/backend/postgresql.js": {"lines":{"total":9,"covered":9,"skipped":0,"pct":100},"functions":{"total":2,"covered":2,"skipped":0,"pct":100},"statements":{"total":9,"covered":9,"skipped":0,"pct":100},"branches":{"total":2,"covered":2,"skipped":0,"pct":100}}
,"/home/main/Documents/UOL/ASP/asp-team33/backend/queries.js": {"lines":{"total":256,"covered":233,"skipped":0,"pct":91.01},"functions":{"total":27,"covered":27,"skipped":0,"pct":100},"statements":{"total":269,"covered":244,"skipped":0,"pct":90.7},"branches":{"total":52,"covered":48,"skipped":0,"pct":92.3}}
,"/home/main/Documents/UOL/ASP/asp-team33/backend/utils.js": {"lines":{"total":25,"covered":20,"skipped":0,"pct":80},"functions":{"total":4,"covered":3,"skipped":0,"pct":75},"statements":{"total":25,"covered":20,"skipped":0,"pct":80},"branches":{"total":5,"covered":5,"skipped":0,"pct":100}}
,"/home/main/Documents/UOL/ASP/asp-team33/backend/routes/main.js": {"lines":{"total":30,"covered":30,"skipped":0,"pct":100},"functions":{"total":1,"covered":1,"skipped":0,"pct":100},"statements":{"total":30,"covered":30,"skipped":0,"pct":100},"branches":{"total":0,"covered":0,"skipped":0,"pct":100}}
}
